2024-08-15 18:25:50,162 :ERROR : Test_001_Login :Your error message!
2024-08-15 18:25:50,163 :CRITICAL : Test_001_Login :Your critical message!
2024-08-15 18:25:50,163 :DEBUG : Test_001_Login :Your debug message!
2024-08-15 18:25:50,163 :INFO : Test_001_Login :Your info message!
2024-08-15 18:25:50,163 :WARNING : Test_001_Login :Your warning message!
2024-08-15 18:25:55,655 :INFO : Test_001_Login :*********************** Test_001_Login ***********************
2024-08-15 18:25:55,655 :INFO : Test_001_Login :*********************** Verifying Home Page Title ***********************
2024-08-15 18:26:01,362 :INFO : Test_001_Login :*********************** Test_001_Login ***********************
2024-08-15 18:26:01,362 :ERROR : Test_001_Login :*********************** your error message ***********************
2024-08-24 14:23:41,013 :ERROR : Test_001_Login :Your error message!
2024-08-24 14:23:41,013 :CRITICAL : Test_001_Login :Your critical message!
2024-08-24 14:23:41,013 :DEBUG : Test_001_Login :Your debug message!
2024-08-24 14:23:41,013 :INFO : Test_001_Login :Your info message!
2024-08-24 14:23:41,029 :WARNING : Test_001_Login :Your warning message!
2024-08-24 14:23:52,445 :INFO : Test_001_Login :*********************** Test_001_Login ***********************
2024-08-24 14:23:52,445 :INFO : Test_001_Login :*********************** Verifying Home Page Title ***********************
2024-08-24 14:23:59,519 :INFO : Test_001_Login :*********************** Test_001_Login ***********************
2024-08-24 14:23:59,519 :ERROR : Test_001_Login :*********************** your error message ***********************
2024-08-24 14:24:56,122 :ERROR : Test_001_Login :Your error message!
2024-08-24 14:24:56,122 :CRITICAL : Test_001_Login :Your critical message!
2024-08-24 14:24:56,122 :DEBUG : Test_001_Login :Your debug message!
2024-08-24 14:24:56,122 :INFO : Test_001_Login :Your info message!
2024-08-24 14:24:56,122 :WARNING : Test_001_Login :Your warning message!
2024-08-24 14:25:04,088 :INFO : Test_001_Login :*********************** Test_001_Login ***********************
2024-08-24 14:25:04,088 :INFO : Test_001_Login :*********************** Verifying Home Page Title ***********************
2024-08-24 14:25:09,795 :INFO : Test_001_Login :*********************** Test_001_Login ***********************
2024-08-24 14:25:09,795 :ERROR : Test_001_Login :*********************** your error message ***********************
